2022-11-19 18:14:07,757:INFO: device: cuda:0
2022-11-19 18:14:07,763:INFO: -------- Vocabulary Loaded! --------
2022-11-19 18:14:09,486:INFO: -------- Process Done! --------
2022-11-19 18:14:09,555:INFO: -------- Process Done! --------
2022-11-19 18:15:16,916:INFO: epoch: 1, train loss: 4669.459670337278
2022-11-19 18:15:30,784:INFO: epoch: 1, f1 score: 0.9339009989917623, dev loss: 1887.1588541666667
2022-11-19 18:15:30,811:INFO: --------Save best model!--------
2022-11-19 18:16:32,446:INFO: epoch: 2, train loss: 1368.6377126209773
2022-11-19 18:16:46,713:INFO: epoch: 2, f1 score: 0.9527573278349789, dev loss: 1255.6459635416666
2022-11-19 18:16:46,816:INFO: --------Save best model!--------
2022-11-19 18:17:47,391:INFO: epoch: 3, train loss: 744.4229836535098
2022-11-19 18:18:01,345:INFO: epoch: 3, f1 score: 0.9580462815756934, dev loss: 1109.58671875
2022-11-19 18:18:01,419:INFO: --------Save best model!--------
2022-11-19 18:19:01,186:INFO: epoch: 4, train loss: 343.5183934453708
2022-11-19 18:19:15,226:INFO: epoch: 4, f1 score: 0.9628936755998342, dev loss: 1057.965625
2022-11-19 18:19:15,346:INFO: --------Save best model!--------
2022-11-19 18:20:17,431:INFO: epoch: 5, train loss: 182.28249638116182
2022-11-19 18:20:30,912:INFO: epoch: 5, f1 score: 0.9637059778389442, dev loss: 1150.6734375
2022-11-19 18:20:31,005:INFO: --------Save best model!--------
2022-11-19 18:21:32,267:INFO: epoch: 6, train loss: 126.32659610349741
2022-11-19 18:21:46,243:INFO: epoch: 6, f1 score: 0.9640570321567103, dev loss: 1208.9369791666666
2022-11-19 18:21:46,312:INFO: --------Save best model!--------
2022-11-19 18:22:46,672:INFO: epoch: 7, train loss: 70.2044820643183
2022-11-19 18:22:59,951:INFO: epoch: 7, f1 score: 0.9653673355113773, dev loss: 1230.4299479166666
2022-11-19 18:23:00,007:INFO: --------Save best model!--------
2022-11-19 18:24:01,101:INFO: epoch: 8, train loss: 43.382511822145375
2022-11-19 18:24:15,402:INFO: epoch: 8, f1 score: 0.9653983206322326, dev loss: 1290.0735677083333
2022-11-19 18:24:15,470:INFO: --------Save best model!--------
2022-11-19 18:25:16,702:INFO: epoch: 9, train loss: 34.00105287067926
2022-11-19 18:25:30,094:INFO: epoch: 9, f1 score: 0.9648950290373363, dev loss: 1381.491015625
2022-11-19 18:26:30,669:INFO: epoch: 10, train loss: 23.25626487874273
2022-11-19 18:26:45,212:INFO: epoch: 10, f1 score: 0.9655266673427009, dev loss: 1411.7477864583334
2022-11-19 18:26:45,303:INFO: --------Save best model!--------
2022-11-19 18:27:46,370:INFO: epoch: 11, train loss: 17.96380217395612
2022-11-19 18:27:59,697:INFO: epoch: 11, f1 score: 0.9654469482035147, dev loss: 1469.97734375
2022-11-19 18:28:59,067:INFO: epoch: 12, train loss: 15.744727511904133
2022-11-19 18:29:12,992:INFO: epoch: 12, f1 score: 0.9653825466665492, dev loss: 1495.64375
2022-11-19 18:29:12,992:INFO: Best val f1: 0.9655266673427009
2022-11-19 18:29:12,992:INFO: Training Finished!
2022-11-19 18:29:13,113:INFO: -------- Process Done! --------
2022-11-19 18:29:13,124:INFO: --------Load model from /home/gzb22/code/homework/aip-project/nn/bilstm_crf/experiments/pku_bs128_2/model_5.pth--------
2022-11-19 18:29:24,552:INFO: --------Bad Cases reserved !--------
2022-11-19 18:29:24,699:INFO: final test loss: 3172.32, f1 score: 92.58, precision:92.92, recall: 92.24
