2022-11-19 22:25:17,365:INFO: device: cuda:0
2022-11-19 22:25:23,428:INFO: -------- training data process DONE!--------
2022-11-19 22:25:23,846:INFO: -------- test data process DONE!--------
2022-11-19 22:25:23,854:INFO: --------Process Done!--------
2022-11-19 22:27:56,468:INFO: --------Dataset Build!--------
2022-11-19 22:27:56,469:INFO: --------Get Dataloader!--------
2022-11-19 22:28:06,854:INFO: --------Start Training!--------
2022-11-19 22:38:59,186:INFO: Epoch: 1, train loss: 235.63846679525304
2022-11-19 22:39:44,484:INFO: Epoch: 1, dev loss: 101.42972532440635, f1 score: 0.9687126669612783
2022-11-19 22:39:45,090:INFO: --------Save best model!--------
2022-11-19 22:50:32,698:INFO: Epoch: 2, train loss: 75.03716406896284
2022-11-19 22:51:20,507:INFO: Epoch: 2, dev loss: 59.013662702897015, f1 score: 0.9796107195128105
2022-11-19 22:51:22,904:INFO: --------Save best model!--------
2022-11-19 23:02:06,057:INFO: Epoch: 3, train loss: 40.6406228969259
2022-11-19 23:02:50,862:INFO: Epoch: 3, dev loss: 48.006738887113684, f1 score: 0.9814975487305626
2022-11-19 23:02:53,245:INFO: --------Save best model!--------
2022-11-19 23:13:37,365:INFO: Epoch: 4, train loss: 23.679469961663884
2022-11-19 23:14:21,360:INFO: Epoch: 4, dev loss: 41.639608782880444, f1 score: 0.9840965395988173
2022-11-19 23:14:23,691:INFO: --------Save best model!--------
2022-11-19 23:25:15,773:INFO: Epoch: 5, train loss: 16.460699038532848
2022-11-19 23:26:00,103:INFO: Epoch: 5, dev loss: 42.488281902144934, f1 score: 0.9839401668537682
2022-11-19 23:36:43,277:INFO: Epoch: 6, train loss: 12.246640481036506
2022-11-19 23:37:27,798:INFO: Epoch: 6, dev loss: 53.357880536247706, f1 score: 0.9826066589719297
2022-11-19 23:48:19,309:INFO: Epoch: 7, train loss: 9.669736668601546
2022-11-19 23:49:03,744:INFO: Epoch: 7, dev loss: 50.589946157792035, f1 score: 0.9833209355448459
2022-11-20 00:00:02,155:INFO: Epoch: 8, train loss: 7.669688258128193
2022-11-20 00:00:46,768:INFO: Epoch: 8, dev loss: 52.757611993481135, f1 score: 0.9841054525080357
2022-11-20 00:11:55,293:INFO: Epoch: 9, train loss: 6.215631087880981
2022-11-20 00:12:43,061:INFO: Epoch: 9, dev loss: 47.3041627407074, f1 score: 0.9852045146764896
2022-11-20 00:12:45,533:INFO: --------Save best model!--------
2022-11-20 00:24:13,867:INFO: Epoch: 10, train loss: 5.274096485979715
2022-11-20 00:24:59,829:INFO: Epoch: 10, dev loss: 58.18019350486643, f1 score: 0.985013483444099
2022-11-20 00:36:20,876:INFO: Epoch: 11, train loss: 4.515391593876669
2022-11-20 00:37:06,402:INFO: Epoch: 11, dev loss: 57.105628197684005, f1 score: 0.9854694901379821
2022-11-20 00:37:08,810:INFO: --------Save best model!--------
2022-11-20 00:48:31,193:INFO: Epoch: 12, train loss: 4.080696070939911
2022-11-20 00:49:16,726:INFO: Epoch: 12, dev loss: 66.88251214868882, f1 score: 0.9852662548552232
2022-11-20 01:00:33,145:INFO: Epoch: 13, train loss: 3.5051048821537396
2022-11-20 01:01:19,103:INFO: Epoch: 13, dev loss: 60.038080608143524, f1 score: 0.9855684440089763
2022-11-20 01:01:21,595:INFO: --------Save best model!--------
2022-11-20 01:12:44,526:INFO: Epoch: 14, train loss: 3.676305264015229
2022-11-20 01:13:30,910:INFO: Epoch: 14, dev loss: 56.37426331463982, f1 score: 0.985933414933712
2022-11-20 01:13:33,327:INFO: --------Save best model!--------
2022-11-20 01:24:52,165:INFO: Epoch: 15, train loss: 3.9138009171942074
2022-11-20 01:25:37,250:INFO: Epoch: 15, dev loss: 51.50130215813132, f1 score: 0.9862039191736252
2022-11-20 01:25:39,675:INFO: --------Save best model!--------
2022-11-20 01:37:00,266:INFO: Epoch: 16, train loss: 4.487937409470341
2022-11-20 01:37:45,485:INFO: Epoch: 16, dev loss: 50.232698777142694, f1 score: 0.986262474776623
2022-11-20 01:37:47,855:INFO: --------Save best model!--------
2022-11-20 01:49:08,190:INFO: Epoch: 17, train loss: 4.938117525563899
2022-11-20 01:49:53,859:INFO: Epoch: 17, dev loss: 51.08205974803251, f1 score: 0.9862011875699052
2022-11-20 02:01:14,819:INFO: Epoch: 18, train loss: 5.184239135642375
2022-11-20 02:02:00,140:INFO: Epoch: 18, dev loss: 49.90639967076919, f1 score: 0.9862353431895073
2022-11-20 02:13:21,187:INFO: Epoch: 19, train loss: 5.376685104307734
2022-11-20 02:14:06,695:INFO: Epoch: 19, dev loss: 49.45872026331284, f1 score: 0.9862871153651713
2022-11-20 02:14:09,140:INFO: --------Save best model!--------
2022-11-20 02:25:30,920:INFO: Epoch: 20, train loss: 5.354220299085241
2022-11-20 02:26:16,379:INFO: Epoch: 20, dev loss: 49.65706567203297, f1 score: 0.9862528332729463
2022-11-20 02:26:16,379:INFO: Best val f1: 0.9862871153651713
2022-11-20 02:26:16,379:INFO: Training Finished!
2022-11-20 02:26:24,741:INFO: --------Dataset Build!--------
2022-11-20 02:26:24,741:INFO: --------Get Data-loader!--------
2022-11-20 02:26:26,091:INFO: --------Load model from /home/gzb22/code/homework/aip-project/nn/bert_crf/experiments/msr_bs32/--------
2022-11-20 02:26:46,223:INFO: --------Bad Cases reserved !--------
2022-11-20 02:26:46,389:INFO: test loss: 64.76939331054687, f1 score: 0.9821450318035766, precision: 0.9832872215709262, recall: 0.9810054925004444
